0 verbose cli C:\Program Files\nodejs\node.exe C:\Program Files\nodejs\node_modules\npm\bin\npm-cli.js
1 info using npm@11.6.2
2 info using node@v25.3.0
3 silly config load:file:C:\Program Files\nodejs\node_modules\npm\npmrc
4 silly config load:file:C:\Users\Practica CDG\OneDrive - Grupo Patagual\Escritorio\FULL STACK PV 2\.npmrc
5 silly config load:file:C:\Users\Practica CDG\.npmrc
6 silly config load:file:C:\Users\Practica CDG\AppData\Roaming\npm\etc\npmrc
7 verbose title npm i bcryptjs jsonwebtoken
8 verbose argv "--cache" ".npm-cache" "i" "bcryptjs" "jsonwebtoken"
9 verbose logfile logs-max:10 dir:C:\Users\Practica CDG\OneDrive - Grupo Patagual\Escritorio\FULL STACK PV 2\.npm-cache\_logs\2026-03-16T15_48_16_148Z-
10 verbose logfile C:\Users\Practica CDG\OneDrive - Grupo Patagual\Escritorio\FULL STACK PV 2\.npm-cache\_logs\2026-03-16T15_48_16_148Z-debug-0.log
11 silly logfile done cleaning log files
12 silly packumentCache heap:2348810240 maxSize:587202560 maxEntrySize:293601280
13 verbose shrinkwrap failed to load node_modules/.package-lock.json out of date, updated: node_modules
14 silly idealTree buildDeps
15 silly fetch manifest bcryptjs@^2.4.3
16 silly packumentCache full:https://registry.npmjs.org/bcryptjs cache-miss
17 http fetch GET 200 https://registry.npmjs.org/bcryptjs 169ms (cache miss)
18 silly packumentCache full:https://registry.npmjs.org/bcryptjs set size:undefined disposed:false
19 silly fetch manifest jsonwebtoken@^9.0.2
20 silly packumentCache full:https://registry.npmjs.org/jsonwebtoken cache-miss
21 http cache https://registry.npmjs.org/jsonwebtoken 12ms (cache hit)
22 silly packumentCache full:https://registry.npmjs.org/jsonwebtoken set size:183610 disposed:false
23 silly placeDep ROOT bcryptjs@2.4.3 OK for: full-stack-pv-2@1.0.0 want: ^2.4.3
24 silly placeDep ROOT jsonwebtoken@9.0.3 OK for: full-stack-pv-2@1.0.0 want: ^9.0.2
25 silly fetch manifest jws@^4.0.1
26 silly packumentCache full:https://registry.npmjs.org/jws cache-miss
27 silly fetch manifest semver@^7.5.4
28 silly packumentCache full:https://registry.npmjs.org/semver cache-miss
29 silly fetch manifest lodash.once@^4.0.0
30 silly packumentCache full:https://registry.npmjs.org/lodash.once cache-miss
31 silly fetch manifest lodash.includes@^4.3.0
32 silly packumentCache full:https://registry.npmjs.org/lodash.includes cache-miss
33 silly fetch manifest lodash.isnumber@^3.0.3
34 silly packumentCache full:https://registry.npmjs.org/lodash.isnumber cache-miss
35 silly fetch manifest lodash.isstring@^4.0.1
36 silly packumentCache full:https://registry.npmjs.org/lodash.isstring cache-miss
37 silly fetch manifest lodash.isboolean@^3.0.3
38 silly packumentCache full:https://registry.npmjs.org/lodash.isboolean cache-miss
39 silly fetch manifest lodash.isinteger@^4.0.4
40 silly packumentCache full:https://registry.npmjs.org/lodash.isinteger cache-miss
41 silly fetch manifest lodash.isplainobject@^4.0.6
42 silly packumentCache full:https://registry.npmjs.org/lodash.isplainobject cache-miss
43 http cache https://registry.npmjs.org/lodash.once 15ms (cache hit)
44 silly packumentCache full:https://registry.npmjs.org/lodash.once set size:23407 disposed:false
45 http cache https://registry.npmjs.org/jws 17ms (cache hit)
46 silly packumentCache full:https://registry.npmjs.org/jws set size:48919 disposed:false
47 http cache https://registry.npmjs.org/lodash.includes 18ms (cache hit)
48 silly packumentCache full:https://registry.npmjs.org/lodash.includes set size:27594 disposed:false
49 http cache https://registry.npmjs.org/semver 22ms (cache hit)
50 silly packumentCache full:https://registry.npmjs.org/semver set size:229678 disposed:false
51 http cache https://registry.npmjs.org/lodash.isstring 23ms (cache hit)
52 silly packumentCache full:https://registry.npmjs.org/lodash.isstring set size:21368 disposed:false
53 http cache https://registry.npmjs.org/lodash.isboolean 24ms (cache hit)
54 silly packumentCache full:https://registry.npmjs.org/lodash.isboolean set size:21437 disposed:false
55 http cache https://registry.npmjs.org/lodash.isplainobject 25ms (cache hit)
56 silly packumentCache full:https://registry.npmjs.org/lodash.isplainobject set size:38531 disposed:false
57 http cache https://registry.npmjs.org/lodash.isnumber 26ms (cache hit)
58 silly packumentCache full:https://registry.npmjs.org/lodash.isnumber set size:21368 disposed:false
59 http cache https://registry.npmjs.org/lodash.isinteger 26ms (cache hit)
60 silly packumentCache full:https://registry.npmjs.org/lodash.isinteger set size:10827 disposed:false
61 silly placeDep ROOT jws@4.0.1 OK for: jsonwebtoken@9.0.3 want: ^4.0.1
62 silly placeDep ROOT lodash.includes@4.3.0 OK for: jsonwebtoken@9.0.3 want: ^4.3.0
63 silly placeDep ROOT lodash.isboolean@3.0.3 OK for: jsonwebtoken@9.0.3 want: ^3.0.3
64 silly placeDep ROOT lodash.isinteger@4.0.4 OK for: jsonwebtoken@9.0.3 want: ^4.0.4
65 silly placeDep ROOT lodash.isnumber@3.0.3 OK for: jsonwebtoken@9.0.3 want: ^3.0.3
66 silly placeDep ROOT lodash.isplainobject@4.0.6 OK for: jsonwebtoken@9.0.3 want: ^4.0.6
67 silly placeDep ROOT lodash.isstring@4.0.1 OK for: jsonwebtoken@9.0.3 want: ^4.0.1
68 silly placeDep ROOT lodash.once@4.1.1 OK for: jsonwebtoken@9.0.3 want: ^4.0.0
69 silly placeDep ROOT semver@7.7.4 OK for: jsonwebtoken@9.0.3 want: ^7.5.4
70 silly fetch manifest jwa@^2.0.1
71 silly packumentCache full:https://registry.npmjs.org/jwa cache-miss
72 silly fetch manifest safe-buffer@^5.0.1
73 silly packumentCache full:https://registry.npmjs.org/safe-buffer cache-miss
74 http cache https://registry.npmjs.org/jwa 5ms (cache hit)
75 silly packumentCache full:https://registry.npmjs.org/jwa set size:39956 disposed:false
76 http cache https://registry.npmjs.org/safe-buffer 7ms (cache hit)
77 silly packumentCache full:https://registry.npmjs.org/safe-buffer set size:41183 disposed:false
78 silly placeDep ROOT jwa@2.0.1 OK for: jws@4.0.1 want: ^2.0.1
79 silly placeDep ROOT safe-buffer@5.2.1 OK for: jws@4.0.1 want: ^5.0.1
80 silly fetch manifest ecdsa-sig-formatter@1.0.11
81 silly packumentCache full:https://registry.npmjs.org/ecdsa-sig-formatter cache-miss
82 silly fetch manifest buffer-equal-constant-time@^1.0.1
83 silly packumentCache full:https://registry.npmjs.org/buffer-equal-constant-time cache-miss
84 http cache https://registry.npmjs.org/ecdsa-sig-formatter 6ms (cache hit)
85 silly packumentCache full:https://registry.npmjs.org/ecdsa-sig-formatter set size:23546 disposed:false
86 http cache https://registry.npmjs.org/buffer-equal-constant-time 7ms (cache hit)
87 silly packumentCache full:https://registry.npmjs.org/buffer-equal-constant-time set size:4390 disposed:false
88 silly placeDep ROOT buffer-equal-constant-time@1.0.1 OK for: jwa@2.0.1 want: ^1.0.1
89 silly placeDep ROOT ecdsa-sig-formatter@1.0.11 OK for: jwa@2.0.1 want: 1.0.11
90 silly reify mark retired [
90 silly reify   'C:\\Users\\Practica CDG\\OneDrive - Grupo Patagual\\Escritorio\\FULL STACK PV 2\\node_modules\\asynckit'
90 silly reify ]
91 silly reify mark retired [
91 silly reify   'C:\\Users\\Practica CDG\\OneDrive - Grupo Patagual\\Escritorio\\FULL STACK PV 2\\node_modules\\axios'
91 silly reify ]
92 silly reify mark retired [
92 silly reify   'C:\\Users\\Practica CDG\\OneDrive - Grupo Patagual\\Escritorio\\FULL STACK PV 2\\node_modules\\combined-stream'
92 silly reify ]
93 silly reify mark retired [
93 silly reify   'C:\\Users\\Practica CDG\\OneDrive - Grupo Patagual\\Escritorio\\FULL STACK PV 2\\node_modules\\delayed-stream'
93 silly reify ]
94 silly reify mark retired [
94 silly reify   'C:\\Users\\Practica CDG\\OneDrive - Grupo Patagual\\Escritorio\\FULL STACK PV 2\\node_modules\\es-set-tostringtag'
94 silly reify ]
95 silly reify mark retired [
95 silly reify   'C:\\Users\\Practica CDG\\OneDrive - Grupo Patagual\\Escritorio\\FULL STACK PV 2\\node_modules\\follow-redirects'
95 silly reify ]
96 silly reify mark retired [
96 silly reify   'C:\\Users\\Practica CDG\\OneDrive - Grupo Patagual\\Escritorio\\FULL STACK PV 2\\node_modules\\form-data'
96 silly reify ]
97 silly reify mark retired [
97 silly reify   'C:\\Users\\Practica CDG\\OneDrive - Grupo Patagual\\Escritorio\\FULL STACK PV 2\\node_modules\\has-tostringtag'
97 silly reify ]
98 silly reify mark retired [
98 silly reify   'C:\\Users\\Practica CDG\\OneDrive - Grupo Patagual\\Escritorio\\FULL STACK PV 2\\node_modules\\lucide-react'
98 silly reify ]
99 silly reify mark retired [
99 silly reify   'C:\\Users\\Practica CDG\\OneDrive - Grupo Patagual\\Escritorio\\FULL STACK PV 2\\node_modules\\proxy-from-env'
99 silly reify ]
100 silly reify mark retired [
100 silly reify   'C:\\Users\\Practica CDG\\OneDrive - Grupo Patagual\\Escritorio\\FULL STACK PV 2\\node_modules\\react'
100 silly reify ]
101 silly reify moves {
101 silly reify   'C:\\Users\\Practica CDG\\OneDrive - Grupo Patagual\\Escritorio\\FULL STACK PV 2\\node_modules\\asynckit': 'C:\\Users\\Practica CDG\\OneDrive - Grupo Patagual\\Escritorio\\FULL STACK PV 2\\node_modules\\.asynckit-71N0k73X',
101 silly reify   'C:\\Users\\Practica CDG\\OneDrive - Grupo Patagual\\Escritorio\\FULL STACK PV 2\\node_modules\\axios': 'C:\\Users\\Practica CDG\\OneDrive - Grupo Patagual\\Escritorio\\FULL STACK PV 2\\node_modules\\.axios-ER5XWN93',
101 silly reify   'C:\\Users\\Practica CDG\\OneDrive - Grupo Patagual\\Escritorio\\FULL STACK PV 2\\node_modules\\combined-stream': 'C:\\Users\\Practica CDG\\OneDrive - Grupo Patagual\\Escritorio\\FULL STACK PV 2\\node_modules\\.combined-stream-ybN70FEv',
101 silly reify   'C:\\Users\\Practica CDG\\OneDrive - Grupo Patagual\\Escritorio\\FULL STACK PV 2\\node_modules\\delayed-stream': 'C:\\Users\\Practica CDG\\OneDrive - Grupo Patagual\\Escritorio\\FULL STACK PV 2\\node_modules\\.delayed-stream-jdqLf8K9',
101 silly reify   'C:\\Users\\Practica CDG\\OneDrive - Grupo Patagual\\Escritorio\\FULL STACK PV 2\\node_modules\\es-set-tostringtag': 'C:\\Users\\Practica CDG\\OneDrive - Grupo Patagual\\Escritorio\\FULL STACK PV 2\\node_modules\\.es-set-tostringtag-kAEfsiia',
101 silly reify   'C:\\Users\\Practica CDG\\OneDrive - Grupo Patagual\\Escritorio\\FULL STACK PV 2\\node_modules\\follow-redirects': 'C:\\Users\\Practica CDG\\OneDrive - Grupo Patagual\\Escritorio\\FULL STACK PV 2\\node_modules\\.follow-redirects-HmuPIb8l',
101 silly reify   'C:\\Users\\Practica CDG\\OneDrive - Grupo Patagual\\Escritorio\\FULL STACK PV 2\\node_modules\\form-data': 'C:\\Users\\Practica CDG\\OneDrive - Grupo Patagual\\Escritorio\\FULL STACK PV 2\\node_modules\\.form-data-H0Ce0oxA',
101 silly reify   'C:\\Users\\Practica CDG\\OneDrive - Grupo Patagual\\Escritorio\\FULL STACK PV 2\\node_modules\\has-tostringtag': 'C:\\Users\\Practica CDG\\OneDrive - Grupo Patagual\\Escritorio\\FULL STACK PV 2\\node_modules\\.has-tostringtag-wqPmuvVv',
101 silly reify   'C:\\Users\\Practica CDG\\OneDrive - Grupo Patagual\\Escritorio\\FULL STACK PV 2\\node_modules\\lucide-react': 'C:\\Users\\Practica CDG\\OneDrive - Grupo Patagual\\Escritorio\\FULL STACK PV 2\\node_modules\\.lucide-react-1EHfxzWr',
101 silly reify   'C:\\Users\\Practica CDG\\OneDrive - Grupo Patagual\\Escritorio\\FULL STACK PV 2\\node_modules\\proxy-from-env': 'C:\\Users\\Practica CDG\\OneDrive - Grupo Patagual\\Escritorio\\FULL STACK PV 2\\node_modules\\.proxy-from-env-WZUHThnx',
101 silly reify   'C:\\Users\\Practica CDG\\OneDrive - Grupo Patagual\\Escritorio\\FULL STACK PV 2\\node_modules\\react': 'C:\\Users\\Practica CDG\\OneDrive - Grupo Patagual\\Escritorio\\FULL STACK PV 2\\node_modules\\.react-iJidNGSf'
101 silly reify }
102 silly audit bulk request {
102 silly audit   accepts: [ '2.0.0' ],
102 silly audit   'body-parser': [ '2.2.2' ],
102 silly audit   bytes: [ '3.1.2' ],
102 silly audit   'call-bind-apply-helpers': [ '1.0.2' ],
102 silly audit   'call-bound': [ '1.0.4' ],
102 silly audit   'content-disposition': [ '1.0.1' ],
102 silly audit   'content-type': [ '1.0.5' ],
102 silly audit   cookie: [ '0.7.2' ],
102 silly audit   'cookie-signature': [ '1.2.2' ],
102 silly audit   cors: [ '2.8.6' ],
102 silly audit   debug: [ '4.4.3' ],
102 silly audit   depd: [ '2.0.0' ],
102 silly audit   dotenv: [ '17.3.1' ],
102 silly audit   'dunder-proto': [ '1.0.1' ],
102 silly audit   'ee-first': [ '1.1.1' ],
102 silly audit   encodeurl: [ '2.0.0' ],
102 silly audit   'es-define-property': [ '1.0.1' ],
102 silly audit   'es-errors': [ '1.3.0' ],
102 silly audit   'es-object-atoms': [ '1.1.1' ],
102 silly audit   'escape-html': [ '1.0.3' ],
102 silly audit   etag: [ '1.8.1' ],
102 silly audit   express: [ '5.2.1' ],
102 silly audit   finalhandler: [ '2.1.1' ],
102 silly audit   forwarded: [ '0.2.0' ],
102 silly audit   fresh: [ '2.0.0' ],
102 silly audit   'function-bind': [ '1.1.2' ],
102 silly audit   'get-intrinsic': [ '1.3.0' ],
102 silly audit   'get-proto': [ '1.0.1' ],
102 silly audit   gopd: [ '1.2.0' ],
102 silly audit   'has-symbols': [ '1.1.0' ],
102 silly audit   hasown: [ '2.0.2' ],
102 silly audit   'http-errors': [ '2.0.1' ],
102 silly audit   'iconv-lite': [ '0.7.2' ],
102 silly audit   inherits: [ '2.0.4' ],
102 silly audit   'ipaddr.js': [ '1.9.1' ],
102 silly audit   'is-promise': [ '4.0.0' ],
102 silly audit   'math-intrinsics': [ '1.1.0' ],
102 silly audit   'media-typer': [ '1.1.0' ],
102 silly audit   'merge-descriptors': [ '2.0.0' ],
102 silly audit   'mime-db': [ '1.54.0' ],
102 silly audit   'mime-types': [ '3.0.2' ],
102 silly audit   ms: [ '2.1.3' ],
102 silly audit   negotiator: [ '1.0.0' ],
102 silly audit   'object-assign': [ '4.1.1' ],
102 silly audit   'object-inspect': [ '1.13.4' ],
102 silly audit   'on-finished': [ '2.4.1' ],
102 silly audit   once: [ '1.4.0' ],
102 silly audit   parseurl: [ '1.3.3' ],
102 silly audit   'path-to-regexp': [ '8.3.0' ],
102 silly audit   pg: [ '8.18.0' ],
102 silly audit   'pg-cloudflare': [ '1.3.0' ],
102 silly audit   'pg-connection-string': [ '2.11.0' ],
102 silly audit   'pg-int8': [ '1.0.1' ],
102 silly audit   'pg-pool': [ '3.11.0' ],
102 silly audit   'pg-protocol': [ '1.11.0' ],
102 silly audit   'pg-types': [ '2.2.0' ],
102 silly audit   pgpass: [ '1.0.5' ],
102 silly audit   'postgres-array': [ '2.0.0' ],
102 silly audit   'postgres-bytea': [ '1.0.1' ],
102 silly audit   'postgres-date': [ '1.0.7' ],
102 silly audit   'postgres-interval': [ '1.2.0' ],
102 silly audit   'proxy-addr': [ '2.0.7' ],
102 silly audit   qs: [ '6.15.0' ],
102 silly audit   'range-parser': [ '1.2.1' ],
102 silly audit   'raw-body': [ '3.0.2' ],
102 silly audit   router: [ '2.2.0' ],
102 silly audit   'safer-buffer': [ '2.1.2' ],
102 silly audit   send: [ '1.2.1' ],
102 silly audit   'serve-static': [ '2.2.1' ],
102 silly audit   setprototypeof: [ '1.2.0' ],
102 silly audit   'side-channel': [ '1.1.0' ],
102 silly audit   'side-channel-list': [ '1.0.0' ],
102 silly audit   'side-channel-map': [ '1.0.1' ],
102 silly audit   'side-channel-weakmap': [ '1.0.2' ],
102 silly audit   split2: [ '4.2.0' ],
102 silly audit   statuses: [ '2.0.2' ],
102 silly audit   toidentifier: [ '1.0.1' ],
102 silly audit   'type-is': [ '2.0.1' ],
102 silly audit   unpipe: [ '1.0.0' ],
102 silly audit   vary: [ '1.1.2' ],
102 silly audit   wrappy: [ '1.0.2' ],
102 silly audit   xtend: [ '4.0.2' ],
102 silly audit   bcryptjs: [ '2.4.3' ],
102 silly audit   jsonwebtoken: [ '9.0.3' ],
102 silly audit   jws: [ '4.0.1' ],
102 silly audit   'lodash.includes': [ '4.3.0' ],
102 silly audit   'lodash.isboolean': [ '3.0.3' ],
102 silly audit   'lodash.isinteger': [ '4.0.4' ],
102 silly audit   'lodash.isnumber': [ '3.0.3' ],
102 silly audit   'lodash.isplainobject': [ '4.0.6' ],
102 silly audit   'lodash.isstring': [ '4.0.1' ],
102 silly audit   'lodash.once': [ '4.1.1' ],
102 silly audit   semver: [ '7.7.4' ],
102 silly audit   jwa: [ '2.0.1' ],
102 silly audit   'safe-buffer': [ '5.2.1' ],
102 silly audit   'buffer-equal-constant-time': [ '1.0.1' ],
102 silly audit   'ecdsa-sig-formatter': [ '1.0.11' ]
102 silly audit }
103 http cache buffer-equal-constant-time@https://registry.npmjs.org/buffer-equal-constant-time/-/buffer-equal-constant-time-1.0.1.tgz 0ms (cache hit)
104 http cache ecdsa-sig-formatter@https://registry.npmjs.org/ecdsa-sig-formatter/-/ecdsa-sig-formatter-1.0.11.tgz 0ms (cache hit)
105 http cache safe-buffer@https://registry.npmjs.org/safe-buffer/-/safe-buffer-5.2.1.tgz 0ms (cache hit)
106 http cache semver@https://registry.npmjs.org/semver/-/semver-7.7.4.tgz 0ms (cache hit)
107 http cache lodash.once@https://registry.npmjs.org/lodash.once/-/lodash.once-4.1.1.tgz 0ms (cache hit)
108 http cache jwa@https://registry.npmjs.org/jwa/-/jwa-2.0.1.tgz 0ms (cache hit)
109 http cache lodash.isstring@https://registry.npmjs.org/lodash.isstring/-/lodash.isstring-4.0.1.tgz 0ms (cache hit)
110 http cache lodash.isnumber@https://registry.npmjs.org/lodash.isnumber/-/lodash.isnumber-3.0.3.tgz 0ms (cache hit)
111 http cache lodash.isplainobject@https://registry.npmjs.org/lodash.isplainobject/-/lodash.isplainobject-4.0.6.tgz 0ms (cache hit)
112 http cache lodash.isinteger@https://registry.npmjs.org/lodash.isinteger/-/lodash.isinteger-4.0.4.tgz 0ms (cache hit)
113 http cache lodash.isboolean@https://registry.npmjs.org/lodash.isboolean/-/lodash.isboolean-3.0.3.tgz 0ms (cache hit)
114 http cache lodash.includes@https://registry.npmjs.org/lodash.includes/-/lodash.includes-4.3.0.tgz 0ms (cache hit)
115 http cache jws@https://registry.npmjs.org/jws/-/jws-4.0.1.tgz 0ms (cache hit)
116 http cache jsonwebtoken@https://registry.npmjs.org/jsonwebtoken/-/jsonwebtoken-9.0.3.tgz 1ms (cache hit)
117 http cache bcryptjs@https://registry.npmjs.org/bcryptjs/-/bcryptjs-2.4.3.tgz 0ms (cache hit)
118 silly tarball no local data for bcryptjs@https://registry.npmjs.org/bcryptjs/-/bcryptjs-2.4.3.tgz. Extracting by manifest.
119 http fetch POST 200 https://registry.npmjs.org/-/npm/v1/security/advisories/bulk 211ms
120 silly audit report {}
121 http fetch GET 200 https://registry.npmjs.org/bcryptjs/-/bcryptjs-2.4.3.tgz 282ms (cache miss)
122 silly ADD node_modules/ecdsa-sig-formatter
123 silly ADD node_modules/buffer-equal-constant-time
124 silly ADD node_modules/safe-buffer
125 silly ADD node_modules/jwa
126 silly ADD node_modules/semver
127 silly ADD node_modules/lodash.once
128 silly ADD node_modules/lodash.isstring
129 silly ADD node_modules/lodash.isplainobject
130 silly ADD node_modules/lodash.isnumber
131 silly ADD node_modules/lodash.isinteger
132 silly ADD node_modules/lodash.isboolean
133 silly ADD node_modules/lodash.includes
134 silly ADD node_modules/jws
135 silly ADD node_modules/jsonwebtoken
136 silly ADD node_modules/bcryptjs
137 silly REMOVE node_modules/react
138 silly REMOVE node_modules/proxy-from-env
139 silly REMOVE node_modules/lucide-react
140 silly REMOVE node_modules/has-tostringtag
141 silly REMOVE node_modules/form-data
142 silly REMOVE node_modules/form-data/node_modules/mime-db
143 silly REMOVE node_modules/form-data/node_modules/mime-types
144 silly REMOVE node_modules/follow-redirects
145 silly REMOVE node_modules/es-set-tostringtag
146 silly REMOVE node_modules/delayed-stream
147 silly REMOVE node_modules/combined-stream
148 silly REMOVE node_modules/axios
149 silly REMOVE node_modules/asynckit
150 verbose cwd C:\Users\Practica CDG\OneDrive - Grupo Patagual\Escritorio\FULL STACK PV 2
151 verbose os Windows_NT 10.0.26200
152 verbose node v25.3.0
153 verbose npm  v11.6.2
154 verbose exit 0
155 info ok
